<?xml version="1.0" encoding="UTF-8"?>
<!-- Generated by org.testng.reporters.JUnitReportReporter -->
<testsuite hostname="Plutonium" name="net.alantea.xlayer.junit.SimpleObjectLoadTest" tests="4" failures="0" timestamp="21 Jan 2016 19:56:45 GMT" time="0.102" errors="0">
  <testcase name="loadSimpleObjects" time="0.019" classname="net.alantea.xlayer.junit.SimpleObjectLoadTest"/>
  <testcase name="methodsTest" time="0.016" classname="net.alantea.xlayer.junit.SimpleObjectLoadTest"/>
  <testcase name="loadListedWrapper" time="0.054" classname="net.alantea.xlayer.junit.SimpleObjectLoadTest"/>
  <testcase name="loadSimpleWrapper" time="0.013" classname="net.alantea.xlayer.junit.SimpleObjectLoadTest"/>
</testsuite> <!-- net.alantea.xlayer.junit.SimpleObjectLoadTest -->
